<?xml version="1.0" encoding="UTF-8"?>
<testsuite name="types.ConversationInfoTest" tests="4" skipped="0" failures="0" errors="0" timestamp="2023-01-24T21:48:22" hostname="Jarvis.local" time="0.009">
  <properties/>
  <testcase name="testEquals_differentLists_returnsFalse()" classname="types.ConversationInfoTest" time="0.002"/>
  <testcase name="testGetUserUUIDList_returnsCorrectList()" classname="types.ConversationInfoTest" time="0.003"/>
  <testcase name="testEquals_differentObjectsButSameList_returnsTrue()" classname="types.ConversationInfoTest" time="0.002"/>
  <testcase name="testConstructor_createsObjectSuccessfully()" classname="types.ConversationInfoTest" time="0.001"/>
  <system-out><![CDATA[]]></system-out>
  <system-err><![CDATA[]]></system-err>
</testsuite>
