<?xml version="1.0" encoding="UTF-8"?>
<testsuite name="types.BarkPacketTest" tests="5" skipped="0" failures="0" errors="0" timestamp="2023-01-25T03:12:05" hostname="Johns-MacBook-Pro-8.local" time="0.038">
  <properties/>
  <testcase name="testNetworkByteConversion_convertsToBytes_convertsFromBytes_identicalObject()" classname="types.BarkPacketTest" time="0.016"/>
  <testcase name="testEquals_differentObjectsAndDifferentBytes_returnsFalse()" classname="types.BarkPacketTest" time="0.003"/>
  <testcase name="testEquals_differentObjectsButSameBarks_returnsTrue()" classname="types.BarkPacketTest" time="0.005"/>
  <testcase name="testGetPacketContents_returnsContents()" classname="types.BarkPacketTest" time="0.004"/>
  <testcase name="testConstructor_createsObjectSuccessfully()" classname="types.BarkPacketTest" time="0.001"/>
  <system-out><![CDATA[]]></system-out>
  <system-err><![CDATA[]]></system-err>
</testsuite>
