<?xml version="1.0" encoding="UTF-8"?>
<testsuite name="types.BarkTest" tests="6" skipped="0" failures="0" errors="0" timestamp="2023-01-24T21:48:22" hostname="Jarvis.local" time="0.013">
  <properties/>
  <testcase name="testEquals_sameObject_returnsTrue()" classname="types.BarkTest" time="0.001"/>
  <testcase name="testConstructor_contentsTooLarge_throwsRuntimeException()" classname="types.BarkTest" time="0.006"/>
  <testcase name="testCanRetransmit_retransmissionsRemaining_returnTrue()" classname="types.BarkTest" time="0.0"/>
  <testcase name="testCanRetransmit_noRetransmissionsRemaining_returnFalse()" classname="types.BarkTest" time="0.001"/>
  <testcase name="testConstructor_contentsSafeSize_createsObjectSuccessfully()" classname="types.BarkTest" time="0.0"/>
  <testcase name="testEquals_sameContentsDifferentObjects_returnsFalse()" classname="types.BarkTest" time="0.001"/>
  <system-out><![CDATA[]]></system-out>
  <system-err><![CDATA[]]></system-err>
</testsuite>
