<?xml version="1.0" encoding="UTF-8"?>
<testsuite name="backend.iomanager.StreamIOManagerTest" tests="3" skipped="0" failures="0" errors="0" timestamp="2023-01-24T21:48:22" hostname="Jarvis.local" time="0.032">
  <properties/>
  <testcase name="testReceive_sendPacketsToTwoStreams_bothPacketSuccessfullyReceivedInRandomOrder()" classname="backend.iomanager.StreamIOManagerTest" time="0.025"/>
  <testcase name="testBroadcast_barkPacketSuccessfullyWrittenToAllOutputStreams()" classname="backend.iomanager.StreamIOManagerTest" time="0.003"/>
  <testcase name="testReceive_sendPacketToOneStream_barkPacketSuccessfullyReceived()" classname="backend.iomanager.StreamIOManagerTest" time="0.002"/>
  <system-out><![CDATA[]]></system-out>
  <system-err><![CDATA[]]></system-err>
</testsuite>
