<?xml version="1.0" encoding="UTF-8"?>
<testsuite name="storagemanager.MapStorageManagerTest" tests="2" skipped="0" failures="0" errors="0" timestamp="2023-01-25T03:14:43" hostname="Johns-MacBook-Pro-8.local" time="0.011">
  <properties/>
  <testcase name="testConversationStorageLifecycle()" classname="storagemanager.MapStorageManagerTest" time="0.006"/>
  <testcase name="testDawgIdentifierStorageLifecycle()" classname="storagemanager.MapStorageManagerTest" time="0.004"/>
  <system-out><![CDATA[]]></system-out>
  <system-err><![CDATA[]]></system-err>
</testsuite>
