<?xml version="1.0" encoding="UTF-8"?>
<testsuite name="types.MuttIdentifierTest" tests="3" skipped="0" failures="0" errors="0" timestamp="2023-01-24T21:48:22" hostname="Jarvis.local" time="0.003">
  <properties/>
  <testcase name="testEquals_differentUsernameAndKeyButSameUUID_returnsTrue()" classname="types.MuttIdentifierTest" time="0.0"/>
  <testcase name="testEquals_differentUUID_returnsFalse()" classname="types.MuttIdentifierTest" time="0.001"/>
  <testcase name="testConstructor_createsObjectSuccessfully()" classname="types.MuttIdentifierTest" time="0.001"/>
  <system-out><![CDATA[]]></system-out>
  <system-err><![CDATA[]]></system-err>
</testsuite>
