<?xml version="1.0" encoding="UTF-8"?>
<testsuite name="types.BarkPacketTest" tests="4" skipped="0" failures="0" errors="0" timestamp="2023-01-24T21:48:22" hostname="Jarvis.local" time="0.008">
  <properties/>
  <testcase name="testEquals_differentObjectsButSameBytes_returnsTrue()" classname="types.BarkPacketTest" time="0.001"/>
  <testcase name="testEquals_differentObjectsAndDifferentBytes_returnsFalse()" classname="types.BarkPacketTest" time="0.001"/>
  <testcase name="testGetUserUUIDList_returnsCorrectList()" classname="types.BarkPacketTest" time="0.001"/>
  <testcase name="testConstructor_createsObjectSuccessfully()" classname="types.BarkPacketTest" time="0.001"/>
  <system-out><![CDATA[]]></system-out>
  <system-err><![CDATA[]]></system-err>
</testsuite>
