<?xml version="1.0" encoding="UTF-8"?>
<testsuite name="backend.simulation.NetworkSimulationTest" tests="3" skipped="0" failures="0" errors="0" timestamp="2023-01-24T21:48:22" hostname="Jarvis.local" time="0.013">
  <properties/>
  <testcase name="testGetStreamIOManager_sendMessage_verifyAllDevicesReceivedMessage()" classname="backend.simulation.NetworkSimulationTest" time="0.002"/>
  <testcase name="testDisconnect_verifyDisconnect_thenReconnect_verifyReconnect()" classname="backend.simulation.NetworkSimulationTest" time="0.007"/>
  <testcase name="testConnect_connectDeviceToItself_throwsUnsupportedOperationException()" classname="backend.simulation.NetworkSimulationTest" time="0.002"/>
  <system-out><![CDATA[]]></system-out>
  <system-err><![CDATA[]]></system-err>
</testsuite>
