<?xml version="1.0" encoding="UTF-8"?>
<testsuite name="backend.iomanager.StreamIOManagerTest" tests="3" skipped="0" failures="0" errors="0" timestamp="2023-01-25T03:13:07" hostname="Johns-MacBook-Pro-8.local" time="0.121">
  <properties/>
  <testcase name="testReceive_sendPacketsToTwoStreams_bothPacketSuccessfullyReceivedInRandomOrder()" classname="backend.iomanager.StreamIOManagerTest" time="0.111"/>
  <testcase name="testBroadcast_barkPacketSuccessfullyWrittenToAllOutputStreams()" classname="backend.iomanager.StreamIOManagerTest" time="0.004"/>
  <testcase name="testReceive_sendPacketToOneStream_barkPacketSuccessfullyReceived()" classname="backend.iomanager.StreamIOManagerTest" time="0.004"/>
  <system-out><![CDATA[]]></system-out>
  <system-err><![CDATA[]]></system-err>
</testsuite>
