<?xml version="1.0" encoding="UTF-8"?>
<testsuite name="storagemanager.MapStorageManagerTest" tests="3" skipped="0" failures="0" errors="0" timestamp="2023-01-24T21:48:22" hostname="Jarvis.local" time="0.021">
  <properties/>
  <testcase name="testConversationInfoStorageLifecycle()" classname="storagemanager.MapStorageManagerTest" time="0.011"/>
  <testcase name="testBarkStorageLifecycle()" classname="storagemanager.MapStorageManagerTest" time="0.005"/>
  <testcase name="testMuttIdentifierStorageLifecycle()" classname="storagemanager.MapStorageManagerTest" time="0.002"/>
  <system-out><![CDATA[]]></system-out>
  <system-err><![CDATA[]]></system-err>
</testsuite>
